This file contains any messages produced by compilers while
running configure, to aid debugging if configure makes a mistake.

It was created by orpsoc_doc configure 0.1, which was
generated by GNU Autoconf 2.68.  Invocation command line was

  $ ./configure --no-create --no-recursion

## --------- ##
## Platform. ##
## --------- ##

hostname = Bony-ICL
uname -m = x86_64
uname -r = 3.13.0-43-generic
uname -s = Linux
uname -v = #72~precise1-Ubuntu SMP Tue Dec 9 12:14:18 UTC 2014

/usr/bin/uname -p = unknown
/bin/uname -X     = unknown

/bin/arch              = unknown
/usr/bin/arch -k       = unknown
/usr/convex/getsysinfo = unknown
/usr/bin/hostinfo      = unknown
/bin/machine           = unknown
/usr/bin/oslevel       = unknown
/bin/universe          = unknown

PATH: /usr/lib/lightdm/lightdm
PATH: /usr/local/sbin
PATH: /usr/local/bin
PATH: /usr/sbin
PATH: /usr/bin
PATH: /sbin
PATH: /bin
PATH: /usr/games


## ----------- ##
## Core tests. ##
## ----------- ##

configure:1761: checking for a BSD-compatible install
configure:1829: result: /usr/bin/install -c
configure:1840: checking whether build environment is sane
configure:1890: result: yes
configure:2031: checking for a thread-safe mkdir -p
configure:2070: result: /bin/mkdir -p
configure:2083: checking for gawk
configure:2113: result: no
configure:2083: checking for mawk
configure:2099: found /usr/bin/mawk
configure:2110: result: mawk
configure:2121: checking whether make sets $(MAKE)
configure:2143: result: yes
configure:2382: creating ./config.status

## ---------------- ##
## Cache variables. ##
## ---------------- ##

ac_cv_env_build_alias_set=
ac_cv_env_build_alias_value=
ac_cv_env_host_alias_set=
ac_cv_env_host_alias_value=
ac_cv_env_target_alias_set=
ac_cv_env_target_alias_value=
ac_cv_path_install='/usr/bin/install -c'
ac_cv_path_mkdir=/bin/mkdir
ac_cv_prog_AWK=mawk
ac_cv_prog_make_make_set=yes

## ----------------- ##
## Output variables. ##
## ----------------- ##

ACLOCAL='${SHELL} /home/bony/Workspace/PhD/CipherCloud_FPGA/altera/de2i-150/orpsoc2/ref/doc/missing --run aclocal-1.11'
AMTAR='${SHELL} /home/bony/Workspace/PhD/CipherCloud_FPGA/altera/de2i-150/orpsoc2/ref/doc/missing --run tar'
AUTOCONF='${SHELL} /home/bony/Workspace/PhD/CipherCloud_FPGA/altera/de2i-150/orpsoc2/ref/doc/missing --run autoconf'
AUTOHEADER='${SHELL} /home/bony/Workspace/PhD/CipherCloud_FPGA/altera/de2i-150/orpsoc2/ref/doc/missing --run autoheader'
AUTOMAKE='${SHELL} /home/bony/Workspace/PhD/CipherCloud_FPGA/altera/de2i-150/orpsoc2/ref/doc/missing --run automake-1.11'
AWK='mawk'
CYGPATH_W='echo'
DEFS='-DPACKAGE_NAME=\"orpsoc_doc\" -DPACKAGE_TARNAME=\"orpsoc_doc\" -DPACKAGE_VERSION=\"0.1\" -DPACKAGE_STRING=\"orpsoc_doc\ 0.1\" -DPACKAGE_BUGREPORT=\"openrisc@opencores.org\" -DPACKAGE_URL=\"\" -DPACKAGE=\"orpsoc_doc\" -DVERSION=\"0.1\"'
ECHO_C=''
ECHO_N='-n'
ECHO_T=''
INSTALL_DATA='${INSTALL} -m 644'
INSTALL_PROGRAM='${INSTALL}'
INSTALL_SCRIPT='${INSTALL}'
INSTALL_STRIP_PROGRAM='$(install_sh) -c -s'
LIBOBJS=''
LIBS=''
LTLIBOBJS=''
MAKEINFO='${SHELL} /home/bony/Workspace/PhD/CipherCloud_FPGA/altera/de2i-150/orpsoc2/ref/doc/missing --run makeinfo'
MKDIR_P='/bin/mkdir -p'
PACKAGE='orpsoc_doc'
PACKAGE_BUGREPORT='openrisc@opencores.org'
PACKAGE_NAME='orpsoc_doc'
PACKAGE_STRING='orpsoc_doc 0.1'
PACKAGE_TARNAME='orpsoc_doc'
PACKAGE_URL=''
PACKAGE_VERSION='0.1'
PATH_SEPARATOR=':'
SET_MAKE=''
SHELL='/bin/sh'
STRIP=''
VERSION='0.1'
am__isrc=''
am__leading_dot='.'
am__tar='${AMTAR} chof - "$$tardir"'
am__untar='${AMTAR} xf -'
bindir='${exec_prefix}/bin'
build_alias=''
datadir='${datarootdir}'
datarootdir='${prefix}/share'
docdir='${datarootdir}/doc/${PACKAGE_TARNAME}'
dvidir='${docdir}'
exec_prefix='${prefix}'
host_alias=''
htmldir='${docdir}'
includedir='${prefix}/include'
infodir='${datarootdir}/info'
install_sh='${SHELL} /home/bony/Workspace/PhD/CipherCloud_FPGA/altera/de2i-150/orpsoc2/ref/doc/install-sh'
libdir='${exec_prefix}/lib'
libexecdir='${exec_prefix}/libexec'
localedir='${datarootdir}/locale'
localstatedir='${prefix}/var'
mandir='${datarootdir}/man'
mkdir_p='/bin/mkdir -p'
oldincludedir='/usr/include'
pdfdir='${docdir}'
prefix='/usr/local'
program_transform_name='s,x,x,'
psdir='${docdir}'
sbindir='${exec_prefix}/sbin'
sharedstatedir='${prefix}/com'
sysconfdir='${prefix}/etc'
target_alias=''

## ----------- ##
## confdefs.h. ##
## ----------- ##

/* confdefs.h */
#define PACKAGE_NAME "orpsoc_doc"
#define PACKAGE_TARNAME "orpsoc_doc"
#define PACKAGE_VERSION "0.1"
#define PACKAGE_STRING "orpsoc_doc 0.1"
#define PACKAGE_BUGREPORT "openrisc@opencores.org"
#define PACKAGE_URL ""
#define PACKAGE "orpsoc_doc"
#define VERSION "0.1"

configure: exit 0

## ---------------------- ##
## Running config.status. ##
## ---------------------- ##

This file was extended by orpsoc_doc config.status 0.1, which was
generated by GNU Autoconf 2.68.  Invocation command line was

  CONFIG_FILES    = 
  CONFIG_HEADERS  = 
  CONFIG_LINKS    = 
  CONFIG_COMMANDS = 
  $ ./config.status 

on Bony-ICL

config.status:750: creating Makefile
