  2110.00 ns: Write to SPR : [00000011] <- 00000001
  2210.00 ns: Write to SPR : [00005000] <- 00000000
  3110.00 ns: Read from SPR: [00000001] -> 00000e79
  3710.00 ns: Read from SPR: [00000001] -> 00000e79
  8710.00 ns: Write to SPR : [00001234] <- ffff0012
 14630.00 ns: Write to SPR : [00001234] <- 12352af7
 16250.00 ns: Write to SPR : [00001234] <- fffffffa
 17870.00 ns: Write to SPR : [00001234] <- ffffa5a7
 19490.00 ns: Write to SPR : [00001234] <- 000fffff
 20410.00 ns: Read from SPR: [00000011] -> 00008201
 20810.00 ns: Read from SPR: [00000011] -> 00008001
 21210.00 ns: Read from SPR: [00000011] -> 00008201
 21610.00 ns: Read from SPR: [00000011] -> 00008001
 22010.00 ns: Read from SPR: [00000011] -> 00008001
 22410.00 ns: Read from SPR: [00000011] -> 00008201
 22810.00 ns: Read from SPR: [00000011] -> 00008001
 23210.00 ns: Read from SPR: [00000011] -> 00008201
 23610.00 ns: Read from SPR: [00000011] -> 00008001
 24010.00 ns: Read from SPR: [00000011] -> 00008201
 24410.00 ns: Read from SPR: [00000011] -> 00008001
 24810.00 ns: Read from SPR: [00000011] -> 00008001
 25210.00 ns: Read from SPR: [00000011] -> 00008201
 25610.00 ns: Read from SPR: [00000011] -> 00008001
 26010.00 ns: Read from SPR: [00000011] -> 00008201
 26410.00 ns: Read from SPR: [00000011] -> 00008001
 26810.00 ns: Read from SPR: [00000011] -> 00008001
 27210.00 ns: Read from SPR: [00000011] -> 00008001
 27610.00 ns: Read from SPR: [00000011] -> 00008001
 28010.00 ns: Read from SPR: [00000011] -> 00008201
 28410.00 ns: Read from SPR: [00000011] -> 00008201
 28810.00 ns: Read from SPR: [00000011] -> 00008201
 29210.00 ns: Read from SPR: [00000011] -> 00008201
 29610.00 ns: Read from SPR: [00000011] -> 00008201
 30010.00 ns: Read from SPR: [00000011] -> 00008001
 30410.00 ns: Read from SPR: [00000011] -> 00008201
 30810.00 ns: Read from SPR: [00000011] -> 00008001
 31210.00 ns: Read from SPR: [00000011] -> 00008201
 31610.00 ns: Read from SPR: [00000011] -> 00008201
 32010.00 ns: Read from SPR: [00000011] -> 00008001
 32410.00 ns: Read from SPR: [00000011] -> 00008201
 32810.00 ns: Read from SPR: [00000011] -> 00008201
 33210.00 ns: Read from SPR: [00000011] -> 00008001
 33610.00 ns: Read from SPR: [00000011] -> 00008001
 34010.00 ns: Read from SPR: [00000011] -> 00008001
 34410.00 ns: Read from SPR: [00000011] -> 00008001
 34810.00 ns: Read from SPR: [00000011] -> 00008201
 35210.00 ns: Read from SPR: [00000011] -> 00008201
 35610.00 ns: Read from SPR: [00000011] -> 00008201
 36010.00 ns: Read from SPR: [00000011] -> 00008001
 36310.00 ns: Write to SPR : [00001234] <- 00002800
122430.00 ns: Write to SPR : [00000020] <- 00001910
122530.00 ns: Read from SPR: [00000011] -> 00008001
122630.00 ns: Write to SPR : [00000040] <- 00008001
123030.00 ns: Write to SPR : [00001234] <- 00000009
