Instruction           0:   2010.00 ns
Instruction           1:   2110.00 ns
Instruction           2:   2210.00 ns
Instruction           3:   2310.00 ns
Instruction           4:   2410.00 ns
Instruction           5:   2510.00 ns
Instruction           6:   2610.00 ns
Instruction           7:   2710.00 ns
Instruction           8:   2910.00 ns
Instruction           9:   3010.00 ns
Instruction          10:   3210.00 ns
Instruction          11:   3310.00 ns
Instruction          12:   3410.00 ns
Instruction          13:   3510.00 ns
Instruction          14:   3610.00 ns
Instruction          15:   3810.00 ns
Instruction          16:   3910.00 ns
Instruction          17:   4010.00 ns
Instruction          18:   4110.00 ns
Instruction          19:   4210.00 ns
Instruction          20:   4410.00 ns
Instruction          21:   4510.00 ns
Instruction          22:   4710.00 ns
Instruction          23:   4810.00 ns
Instruction          24:   5010.00 ns
Instruction          25:   5110.00 ns
Instruction          26:   5210.00 ns
Instruction          27:   5410.00 ns
Instruction          28:   5510.00 ns
Instruction          29:   5610.00 ns
Instruction          30:   5710.00 ns
Instruction          31:   5810.00 ns
Instruction          32:   5910.00 ns
Instruction          33:   6010.00 ns
Instruction          34:   6110.00 ns
Instruction          35:   6210.00 ns
Instruction          36:   6310.00 ns
Instruction          37:   6410.00 ns
Instruction          38:   6510.00 ns
Instruction          39:   6610.00 ns
Instruction          40:   6710.00 ns
Instruction          41:   6810.00 ns
Instruction          42:   6910.00 ns
Instruction          43:   7010.00 ns
Instruction          44:   7110.00 ns
Instruction          45:   7210.00 ns
Instruction          46:   7310.00 ns
Instruction          47:   7410.00 ns
Instruction          48:   7510.00 ns
Instruction          49:   7610.00 ns
Instruction          50:   7710.00 ns
Instruction          51:   7810.00 ns
Instruction          52:   7910.00 ns
Instruction          53:   8010.00 ns
Instruction          54:   8110.00 ns
Instruction          55:   8210.00 ns
Instruction          56:   8310.00 ns
Instruction          57:   8410.00 ns
Instruction          58:   8510.00 ns
Instruction          59:   8610.00 ns
Instruction          60:   8710.00 ns
Instruction          61:   8890.00 ns
Instruction          62:   8970.00 ns
Instruction          63:   9070.00 ns
Instruction          64:   9250.00 ns
Instruction          65:   9410.00 ns
Instruction          66:   9490.00 ns
Instruction          67:   9670.00 ns
Instruction          68:   9830.00 ns
Instruction          69:   9910.00 ns
Instruction          70:  10090.00 ns
Instruction          71:  10250.00 ns
Instruction          72:  10330.00 ns
Instruction          73:  10510.00 ns
Instruction          74:  10670.00 ns
Instruction          75:  10750.00 ns
Instruction          76:  10930.00 ns
Instruction          77:  11090.00 ns
Instruction          78:  11170.00 ns
Instruction          79:  11350.00 ns
Instruction          80:  11510.00 ns
Instruction          81:  11590.00 ns
Instruction          82:  11770.00 ns
Instruction          83:  11930.00 ns
Instruction          84:  12010.00 ns
Instruction          85:  12190.00 ns
Instruction          86:  12350.00 ns
Instruction          87:  12430.00 ns
Instruction          88:  12610.00 ns
Instruction          89:  12770.00 ns
Instruction          90:  12850.00 ns
Instruction          91:  13030.00 ns
Instruction          92:  13190.00 ns
Instruction          93:  13270.00 ns
Instruction          94:  13450.00 ns
Instruction          95:  13610.00 ns
Instruction          96:  13690.00 ns
Instruction          97:  13870.00 ns
Instruction          98:  14030.00 ns
Instruction          99:  14110.00 ns
Instruction         100:  14290.00 ns
Instruction         101:  14450.00 ns
Instruction         102:  14530.00 ns
Instruction         103:  14630.00 ns
Instruction         104:  14810.00 ns
Instruction         105:  14890.00 ns
Instruction         106:  15070.00 ns
Instruction         107:  15150.00 ns
Instruction         108:  15250.00 ns
Instruction         109:  15350.00 ns
Instruction         110:  15450.00 ns
Instruction         111:  15550.00 ns
Instruction         112:  15650.00 ns
Instruction         113:  15750.00 ns
Instruction         114:  15850.00 ns
Instruction         115:  15950.00 ns
Instruction         116:  16050.00 ns
Instruction         117:  16150.00 ns
Instruction         118:  16250.00 ns
Instruction         119:  16430.00 ns
Instruction         120:  16510.00 ns
Instruction         121:  16690.00 ns
Instruction         122:  16770.00 ns
Instruction         123:  16870.00 ns
Instruction         124:  16970.00 ns
Instruction         125:  17070.00 ns
Instruction         126:  17170.00 ns
Instruction         127:  17270.00 ns
Instruction         128:  17370.00 ns
Instruction         129:  17470.00 ns
Instruction         130:  17570.00 ns
Instruction         131:  17670.00 ns
Instruction         132:  17770.00 ns
Instruction         133:  17870.00 ns
Instruction         134:  18050.00 ns
Instruction         135:  18130.00 ns
Instruction         136:  18310.00 ns
Instruction         137:  18390.00 ns
Instruction         138:  18490.00 ns
Instruction         139:  18590.00 ns
Instruction         140:  18690.00 ns
Instruction         141:  18790.00 ns
Instruction         142:  18890.00 ns
Instruction         143:  18990.00 ns
Instruction         144:  19090.00 ns
Instruction         145:  19190.00 ns
Instruction         146:  19290.00 ns
Instruction         147:  19390.00 ns
Instruction         148:  19490.00 ns
Instruction         149:  19670.00 ns
Instruction         150:  19750.00 ns
Instruction         151:  19930.00 ns
Instruction         152:  20010.00 ns
Instruction         153:  20110.00 ns
Instruction         154:  20210.00 ns
Instruction         155:  20310.00 ns
Instruction         156:  20410.00 ns
Instruction         157:  20510.00 ns
Instruction         158:  20610.00 ns
Instruction         159:  20710.00 ns
Instruction         160:  20810.00 ns
Instruction         161:  20910.00 ns
Instruction         162:  21010.00 ns
Instruction         163:  21110.00 ns
Instruction         164:  21210.00 ns
Instruction         165:  21310.00 ns
Instruction         166:  21410.00 ns
Instruction         167:  21510.00 ns
Instruction         168:  21610.00 ns
Instruction         169:  21710.00 ns
Instruction         170:  21810.00 ns
Instruction         171:  21910.00 ns
Instruction         172:  22010.00 ns
Instruction         173:  22110.00 ns
Instruction         174:  22210.00 ns
Instruction         175:  22310.00 ns
Instruction         176:  22410.00 ns
Instruction         177:  22510.00 ns
Instruction         178:  22610.00 ns
Instruction         179:  22710.00 ns
Instruction         180:  22810.00 ns
Instruction         181:  22910.00 ns
Instruction         182:  23010.00 ns
Instruction         183:  23110.00 ns
Instruction         184:  23210.00 ns
Instruction         185:  23310.00 ns
Instruction         186:  23410.00 ns
Instruction         187:  23510.00 ns
Instruction         188:  23610.00 ns
Instruction         189:  23710.00 ns
Instruction         190:  23810.00 ns
Instruction         191:  23910.00 ns
Instruction         192:  24010.00 ns
Instruction         193:  24110.00 ns
Instruction         194:  24210.00 ns
Instruction         195:  24310.00 ns
Instruction         196:  24410.00 ns
Instruction         197:  24510.00 ns
Instruction         198:  24610.00 ns
Instruction         199:  24710.00 ns
Instruction         200:  24810.00 ns
Instruction         201:  24910.00 ns
Instruction         202:  25010.00 ns
Instruction         203:  25110.00 ns
Instruction         204:  25210.00 ns
Instruction         205:  25310.00 ns
Instruction         206:  25410.00 ns
Instruction         207:  25510.00 ns
Instruction         208:  25610.00 ns
Instruction         209:  25710.00 ns
Instruction         210:  25810.00 ns
Instruction         211:  25910.00 ns
Instruction         212:  26010.00 ns
Instruction         213:  26110.00 ns
Instruction         214:  26210.00 ns
Instruction         215:  26310.00 ns
Instruction         216:  26410.00 ns
Instruction         217:  26510.00 ns
Instruction         218:  26610.00 ns
Instruction         219:  26710.00 ns
Instruction         220:  26810.00 ns
Instruction         221:  26910.00 ns
Instruction         222:  27010.00 ns
Instruction         223:  27110.00 ns
Instruction         224:  27210.00 ns
Instruction         225:  27310.00 ns
Instruction         226:  27410.00 ns
Instruction         227:  27510.00 ns
Instruction         228:  27610.00 ns
Instruction         229:  27710.00 ns
Instruction         230:  27810.00 ns
Instruction         231:  27910.00 ns
Instruction         232:  28010.00 ns
Instruction         233:  28110.00 ns
Instruction         234:  28210.00 ns
Instruction         235:  28310.00 ns
Instruction         236:  28410.00 ns
Instruction         237:  28510.00 ns
Instruction         238:  28610.00 ns
Instruction         239:  28710.00 ns
Instruction         240:  28810.00 ns
Instruction         241:  28910.00 ns
Instruction         242:  29010.00 ns
Instruction         243:  29110.00 ns
Instruction         244:  29210.00 ns
Instruction         245:  29310.00 ns
Instruction         246:  29410.00 ns
Instruction         247:  29510.00 ns
Instruction         248:  29610.00 ns
Instruction         249:  29710.00 ns
Instruction         250:  29810.00 ns
Instruction         251:  29910.00 ns
Instruction         252:  30010.00 ns
Instruction         253:  30110.00 ns
Instruction         254:  30210.00 ns
Instruction         255:  30310.00 ns
Instruction         256:  30410.00 ns
Instruction         257:  30510.00 ns
Instruction         258:  30610.00 ns
Instruction         259:  30710.00 ns
Instruction         260:  30810.00 ns
Instruction         261:  30910.00 ns
Instruction         262:  31010.00 ns
Instruction         263:  31110.00 ns
Instruction         264:  31210.00 ns
Instruction         265:  31310.00 ns
Instruction         266:  31410.00 ns
Instruction         267:  31510.00 ns
Instruction         268:  31610.00 ns
Instruction         269:  31710.00 ns
Instruction         270:  31810.00 ns
Instruction         271:  31910.00 ns
Instruction         272:  32010.00 ns
Instruction         273:  32110.00 ns
Instruction         274:  32210.00 ns
Instruction         275:  32310.00 ns
Instruction         276:  32410.00 ns
Instruction         277:  32510.00 ns
Instruction         278:  32610.00 ns
Instruction         279:  32710.00 ns
Instruction         280:  32810.00 ns
Instruction         281:  32910.00 ns
Instruction         282:  33010.00 ns
Instruction         283:  33110.00 ns
Instruction         284:  33210.00 ns
Instruction         285:  33310.00 ns
Instruction         286:  33410.00 ns
Instruction         287:  33510.00 ns
Instruction         288:  33610.00 ns
Instruction         289:  33710.00 ns
Instruction         290:  33810.00 ns
Instruction         291:  33910.00 ns
Instruction         292:  34010.00 ns
Instruction         293:  34110.00 ns
Instruction         294:  34210.00 ns
Instruction         295:  34310.00 ns
Instruction         296:  34410.00 ns
Instruction         297:  34510.00 ns
Instruction         298:  34610.00 ns
Instruction         299:  34710.00 ns
Instruction         300:  34810.00 ns
Instruction         301:  34910.00 ns
Instruction         302:  35010.00 ns
Instruction         303:  35110.00 ns
Instruction         304:  35210.00 ns
Instruction         305:  35310.00 ns
Instruction         306:  35410.00 ns
Instruction         307:  35510.00 ns
Instruction         308:  35610.00 ns
Instruction         309:  35710.00 ns
Instruction         310:  35810.00 ns
Instruction         311:  35910.00 ns
Instruction         312:  36010.00 ns
Instruction         313:  36110.00 ns
Instruction         314:  36210.00 ns
Instruction         315:  36310.00 ns
Instruction         316:  36490.00 ns
Instruction         317:  36570.00 ns
Instruction         318:  36750.00 ns
Instruction         319:  36830.00 ns
Instruction         320:  36930.00 ns
Instruction         321:  37030.00 ns
Instruction         322:  37130.00 ns
Instruction         323:  37230.00 ns
Instruction         324:  37330.00 ns
Instruction         325:  37430.00 ns
Instruction         326:  37530.00 ns
Instruction         327:  37710.00 ns
Instruction         328:  37870.00 ns
Instruction         329:  38030.00 ns
Instruction         330:  38190.00 ns
Instruction         331:  38350.00 ns
Instruction         332:  38510.00 ns
Instruction         333:  38670.00 ns
Instruction         334:  38830.00 ns
Instruction         335:  38990.00 ns
Instruction         336:  39150.00 ns
Instruction         337:  39310.00 ns
Instruction         338:  39470.00 ns
Instruction         339:  39550.00 ns
Instruction         340:  39650.00 ns
Instruction         341:  39750.00 ns
Instruction         342:  39850.00 ns
Instruction         343:  39950.00 ns
Instruction         344:  40050.00 ns
Instruction         345:  40150.00 ns
Instruction         346:  40250.00 ns
Instruction         347:  40350.00 ns
Instruction         348:  40450.00 ns
Instruction         349:  40550.00 ns
Instruction         350:  40650.00 ns
Instruction         351:  40750.00 ns
Instruction         352:  40950.00 ns
Instruction         353:  41050.00 ns
Instruction         354:  41150.00 ns
Instruction         355:  41250.00 ns
Instruction         356:  41350.00 ns
Instruction         357:  41450.00 ns
Instruction         358:  41550.00 ns
Instruction         359:  41650.00 ns
Instruction         360:  41750.00 ns
Instruction         361:  41850.00 ns
Instruction         362:  42050.00 ns
Instruction         363:  42150.00 ns
Instruction         364:  42250.00 ns
Instruction         365:  42350.00 ns
Instruction         366:  42450.00 ns
Instruction         367:  42550.00 ns
Instruction         368:  42650.00 ns
Instruction         369:  42750.00 ns
Instruction         370:  42850.00 ns
Instruction         371:  42950.00 ns
Instruction         372:  43150.00 ns
Instruction         373:  43250.00 ns
Instruction         374:  43350.00 ns
Instruction         375:  43450.00 ns
Instruction         376:  43550.00 ns
Instruction         377:  43650.00 ns
Instruction         378:  43750.00 ns
Instruction         379:  43850.00 ns
Instruction         380:  44050.00 ns
Instruction         381:  44150.00 ns
Instruction         382:  44250.00 ns
Instruction         383:  44350.00 ns
Instruction         384:  44450.00 ns
Instruction         385:  44550.00 ns
Instruction         386:  44650.00 ns
Instruction         387:  44750.00 ns
Instruction         388:  44850.00 ns
Instruction         389:  44950.00 ns
Instruction         390:  45050.00 ns
Instruction         391:  45150.00 ns
Instruction         392:  45350.00 ns
Instruction         393:  45450.00 ns
Instruction         394:  45550.00 ns
Instruction         395:  45650.00 ns
Instruction         396:  45750.00 ns
Instruction         397:  45850.00 ns
Instruction         398:  45950.00 ns
Instruction         399:  46050.00 ns
Instruction         400:  46150.00 ns
Instruction         401:  46250.00 ns
Instruction         402:  46450.00 ns
Instruction         403:  46550.00 ns
Instruction         404:  46650.00 ns
Instruction         405:  46750.00 ns
Instruction         406:  46850.00 ns
Instruction         407:  46950.00 ns
Instruction         408:  47050.00 ns
Instruction         409:  47150.00 ns
Instruction         410:  47250.00 ns
Instruction         411:  47350.00 ns
Instruction         412:  47550.00 ns
Instruction         413:  47650.00 ns
Instruction         414:  47750.00 ns
Instruction         415:  47850.00 ns
Instruction         416:  47950.00 ns
Instruction         417:  48050.00 ns
Instruction         418:  48150.00 ns
Instruction         419:  48250.00 ns
Instruction         420:  48450.00 ns
Instruction         421:  48550.00 ns
Instruction         422:  48650.00 ns
Instruction         423:  48750.00 ns
Instruction         424:  48850.00 ns
Instruction         425:  48950.00 ns
Instruction         426:  49050.00 ns
Instruction         427:  49150.00 ns
Instruction         428:  49250.00 ns
Instruction         429:  49350.00 ns
Instruction         430:  49450.00 ns
Instruction         431:  49550.00 ns
Instruction         432:  49750.00 ns
Instruction         433:  49850.00 ns
Instruction         434:  49950.00 ns
Instruction         435:  50050.00 ns
Instruction         436:  50150.00 ns
Instruction         437:  50250.00 ns
Instruction         438:  50350.00 ns
Instruction         439:  50450.00 ns
Instruction         440:  50550.00 ns
Instruction         441:  50650.00 ns
Instruction         442:  50850.00 ns
Instruction         443:  50950.00 ns
Instruction         444:  51050.00 ns
Instruction         445:  51150.00 ns
Instruction         446:  51250.00 ns
Instruction         447:  51350.00 ns
Instruction         448:  51450.00 ns
Instruction         449:  51550.00 ns
Instruction         450:  51650.00 ns
Instruction         451:  51750.00 ns
Instruction         452:  51950.00 ns
Instruction         453:  52050.00 ns
Instruction         454:  52150.00 ns
Instruction         455:  52250.00 ns
Instruction         456:  52350.00 ns
Instruction         457:  52450.00 ns
Instruction         458:  52550.00 ns
Instruction         459:  52650.00 ns
Instruction         460:  52850.00 ns
Instruction         461:  52950.00 ns
Instruction         462:  53050.00 ns
Instruction         463:  53150.00 ns
Instruction         464:  53250.00 ns
Instruction         465:  53350.00 ns
Instruction         466:  53450.00 ns
Instruction         467:  53550.00 ns
Instruction         468:  53650.00 ns
Instruction         469:  53750.00 ns
Instruction         470:  53850.00 ns
Instruction         471:  53950.00 ns
Instruction         472:  54150.00 ns
Instruction         473:  54250.00 ns
Instruction         474:  54350.00 ns
Instruction         475:  54450.00 ns
Instruction         476:  54550.00 ns
Instruction         477:  54650.00 ns
Instruction         478:  54750.00 ns
Instruction         479:  54850.00 ns
Instruction         480:  54950.00 ns
Instruction         481:  55050.00 ns
Instruction         482:  55250.00 ns
Instruction         483:  55350.00 ns
Instruction         484:  55450.00 ns
Instruction         485:  55550.00 ns
Instruction         486:  55650.00 ns
Instruction         487:  55750.00 ns
Instruction         488:  55850.00 ns
Instruction         489:  55950.00 ns
Instruction         490:  56050.00 ns
Instruction         491:  56150.00 ns
Instruction         492:  56350.00 ns
Instruction         493:  56450.00 ns
Instruction         494:  56550.00 ns
Instruction         495:  56650.00 ns
Instruction         496:  56750.00 ns
Instruction         497:  56850.00 ns
Instruction         498:  56950.00 ns
Instruction         499:  57050.00 ns
Instruction         500:  57250.00 ns
Instruction         501:  57350.00 ns
Instruction         502:  57450.00 ns
Instruction         503:  57550.00 ns
Instruction         504:  57650.00 ns
Instruction         505:  57750.00 ns
Instruction         506:  57850.00 ns
Instruction         507:  57950.00 ns
Instruction         508:  58050.00 ns
Instruction         509:  58150.00 ns
Instruction         510:  58250.00 ns
Instruction         511:  58350.00 ns
Instruction         512:  58550.00 ns
Instruction         513:  58650.00 ns
Instruction         514:  58750.00 ns
Instruction         515:  58850.00 ns
Instruction         516:  58950.00 ns
Instruction         517:  59050.00 ns
Instruction         518:  59150.00 ns
Instruction         519:  59250.00 ns
Instruction         520:  59350.00 ns
Instruction         521:  59450.00 ns
Instruction         522:  59650.00 ns
Instruction         523:  59750.00 ns
Instruction         524:  59850.00 ns
Instruction         525:  59950.00 ns
Instruction         526:  60050.00 ns
Instruction         527:  60150.00 ns
Instruction         528:  60250.00 ns
Instruction         529:  60350.00 ns
Instruction         530:  60450.00 ns
Instruction         531:  60550.00 ns
Instruction         532:  60750.00 ns
Instruction         533:  60850.00 ns
Instruction         534:  60950.00 ns
Instruction         535:  61050.00 ns
Instruction         536:  61150.00 ns
Instruction         537:  61250.00 ns
Instruction         538:  61350.00 ns
Instruction         539:  61450.00 ns
Instruction         540:  61650.00 ns
Instruction         541:  61750.00 ns
Instruction         542:  61850.00 ns
Instruction         543:  61950.00 ns
Instruction         544:  62050.00 ns
Instruction         545:  62150.00 ns
Instruction         546:  62250.00 ns
Instruction         547:  62350.00 ns
Instruction         548:  62450.00 ns
Instruction         549:  62550.00 ns
Instruction         550:  62650.00 ns
Instruction         551:  62750.00 ns
Instruction         552:  62950.00 ns
Instruction         553:  63050.00 ns
Instruction         554:  63150.00 ns
Instruction         555:  63250.00 ns
Instruction         556:  63350.00 ns
Instruction         557:  63450.00 ns
Instruction         558:  63550.00 ns
Instruction         559:  63650.00 ns
Instruction         560:  63750.00 ns
Instruction         561:  63850.00 ns
Instruction         562:  64050.00 ns
Instruction         563:  64150.00 ns
Instruction         564:  64250.00 ns
Instruction         565:  64350.00 ns
Instruction         566:  64450.00 ns
Instruction         567:  64550.00 ns
Instruction         568:  64650.00 ns
Instruction         569:  64750.00 ns
Instruction         570:  64850.00 ns
Instruction         571:  64950.00 ns
Instruction         572:  65150.00 ns
Instruction         573:  65250.00 ns
Instruction         574:  65350.00 ns
Instruction         575:  65450.00 ns
Instruction         576:  65550.00 ns
Instruction         577:  65650.00 ns
Instruction         578:  65750.00 ns
Instruction         579:  65850.00 ns
Instruction         580:  66050.00 ns
Instruction         581:  66150.00 ns
Instruction         582:  66250.00 ns
Instruction         583:  66350.00 ns
Instruction         584:  66450.00 ns
Instruction         585:  66550.00 ns
Instruction         586:  66650.00 ns
Instruction         587:  66750.00 ns
Instruction         588:  66850.00 ns
Instruction         589:  66950.00 ns
Instruction         590:  67050.00 ns
Instruction         591:  67150.00 ns
Instruction         592:  67350.00 ns
Instruction         593:  67450.00 ns
Instruction         594:  67550.00 ns
Instruction         595:  67650.00 ns
Instruction         596:  67750.00 ns
Instruction         597:  67850.00 ns
Instruction         598:  67950.00 ns
Instruction         599:  68050.00 ns
Instruction         600:  68150.00 ns
Instruction         601:  68250.00 ns
Instruction         602:  68450.00 ns
Instruction         603:  68550.00 ns
Instruction         604:  68650.00 ns
Instruction         605:  68750.00 ns
Instruction         606:  68850.00 ns
Instruction         607:  68950.00 ns
Instruction         608:  69050.00 ns
Instruction         609:  69150.00 ns
Instruction         610:  69250.00 ns
Instruction         611:  69350.00 ns
Instruction         612:  69550.00 ns
Instruction         613:  69650.00 ns
Instruction         614:  69750.00 ns
Instruction         615:  69850.00 ns
Instruction         616:  69950.00 ns
Instruction         617:  70050.00 ns
Instruction         618:  70150.00 ns
Instruction         619:  70250.00 ns
Instruction         620:  70450.00 ns
Instruction         621:  70550.00 ns
Instruction         622:  70650.00 ns
Instruction         623:  70750.00 ns
Instruction         624:  70850.00 ns
Instruction         625:  70950.00 ns
Instruction         626:  71050.00 ns
Instruction         627:  71150.00 ns
Instruction         628:  71250.00 ns
Instruction         629:  71350.00 ns
Instruction         630:  71450.00 ns
Instruction         631:  71550.00 ns
Instruction         632:  71750.00 ns
Instruction         633:  71850.00 ns
Instruction         634:  71950.00 ns
Instruction         635:  72050.00 ns
Instruction         636:  72150.00 ns
Instruction         637:  72250.00 ns
Instruction         638:  72350.00 ns
Instruction         639:  72450.00 ns
Instruction         640:  72550.00 ns
Instruction         641:  72650.00 ns
Instruction         642:  72850.00 ns
Instruction         643:  72950.00 ns
Instruction         644:  73050.00 ns
Instruction         645:  73150.00 ns
Instruction         646:  73250.00 ns
Instruction         647:  73350.00 ns
Instruction         648:  73450.00 ns
Instruction         649:  73550.00 ns
Instruction         650:  73650.00 ns
Instruction         651:  73750.00 ns
Instruction         652:  73950.00 ns
Instruction         653:  74050.00 ns
Instruction         654:  74150.00 ns
Instruction         655:  74250.00 ns
Instruction         656:  74350.00 ns
Instruction         657:  74450.00 ns
Instruction         658:  74550.00 ns
Instruction         659:  74650.00 ns
Instruction         660:  74850.00 ns
Instruction         661:  74950.00 ns
Instruction         662:  75050.00 ns
Instruction         663:  75150.00 ns
Instruction         664:  75250.00 ns
Instruction         665:  75350.00 ns
Instruction         666:  75450.00 ns
Instruction         667:  75550.00 ns
Instruction         668:  75650.00 ns
Instruction         669:  75750.00 ns
Instruction         670:  75850.00 ns
Instruction         671:  75950.00 ns
Instruction         672:  76150.00 ns
Instruction         673:  76250.00 ns
Instruction         674:  76350.00 ns
Instruction         675:  76450.00 ns
Instruction         676:  76550.00 ns
Instruction         677:  76650.00 ns
Instruction         678:  76750.00 ns
Instruction         679:  76850.00 ns
Instruction         680:  76950.00 ns
Instruction         681:  77050.00 ns
Instruction         682:  77250.00 ns
Instruction         683:  77350.00 ns
Instruction         684:  77450.00 ns
Instruction         685:  77550.00 ns
Instruction         686:  77650.00 ns
Instruction         687:  77750.00 ns
Instruction         688:  77850.00 ns
Instruction         689:  77950.00 ns
Instruction         690:  78050.00 ns
Instruction         691:  78150.00 ns
Instruction         692:  78350.00 ns
Instruction         693:  78450.00 ns
Instruction         694:  78550.00 ns
Instruction         695:  78650.00 ns
Instruction         696:  78750.00 ns
Instruction         697:  78850.00 ns
Instruction         698:  78950.00 ns
Instruction         699:  79050.00 ns
Instruction         700:  79250.00 ns
Instruction         701:  79350.00 ns
Instruction         702:  79450.00 ns
Instruction         703:  79550.00 ns
Instruction         704:  79650.00 ns
Instruction         705:  79750.00 ns
Instruction         706:  79850.00 ns
Instruction         707:  79950.00 ns
Instruction         708:  80050.00 ns
Instruction         709:  80150.00 ns
Instruction         710:  80250.00 ns
Instruction         711:  80350.00 ns
Instruction         712:  80550.00 ns
Instruction         713:  80650.00 ns
Instruction         714:  80750.00 ns
Instruction         715:  80850.00 ns
Instruction         716:  80950.00 ns
Instruction         717:  81050.00 ns
Instruction         718:  81150.00 ns
Instruction         719:  81250.00 ns
Instruction         720:  81350.00 ns
Instruction         721:  81450.00 ns
Instruction         722:  81650.00 ns
Instruction         723:  81750.00 ns
Instruction         724:  81850.00 ns
Instruction         725:  81950.00 ns
Instruction         726:  82050.00 ns
Instruction         727:  82150.00 ns
Instruction         728:  82250.00 ns
Instruction         729:  82350.00 ns
Instruction         730:  82450.00 ns
Instruction         731:  82550.00 ns
Instruction         732:  82750.00 ns
Instruction         733:  82850.00 ns
Instruction         734:  82950.00 ns
Instruction         735:  83050.00 ns
Instruction         736:  83150.00 ns
Instruction         737:  83250.00 ns
Instruction         738:  83350.00 ns
Instruction         739:  83450.00 ns
Instruction         740:  83650.00 ns
Instruction         741:  83750.00 ns
Instruction         742:  83850.00 ns
Instruction         743:  83950.00 ns
Instruction         744:  84050.00 ns
Instruction         745:  84150.00 ns
Instruction         746:  84250.00 ns
Instruction         747:  84350.00 ns
Instruction         748:  84450.00 ns
Instruction         749:  84550.00 ns
Instruction         750:  84650.00 ns
Instruction         751:  84750.00 ns
Instruction         752:  84950.00 ns
Instruction         753:  85050.00 ns
Instruction         754:  85150.00 ns
Instruction         755:  85250.00 ns
Instruction         756:  85350.00 ns
Instruction         757:  85450.00 ns
Instruction         758:  85550.00 ns
Instruction         759:  85650.00 ns
Instruction         760:  85750.00 ns
Instruction         761:  85850.00 ns
Instruction         762:  86050.00 ns
Instruction         763:  86150.00 ns
Instruction         764:  86250.00 ns
Instruction         765:  86350.00 ns
Instruction         766:  86450.00 ns
Instruction         767:  86550.00 ns
Instruction         768:  86650.00 ns
Instruction         769:  86750.00 ns
Instruction         770:  86850.00 ns
Instruction         771:  86950.00 ns
Instruction         772:  87150.00 ns
Instruction         773:  87250.00 ns
Instruction         774:  87350.00 ns
Instruction         775:  87450.00 ns
Instruction         776:  87550.00 ns
Instruction         777:  87650.00 ns
Instruction         778:  87750.00 ns
Instruction         779:  87850.00 ns
Instruction         780:  88050.00 ns
Instruction         781:  88150.00 ns
Instruction         782:  88250.00 ns
Instruction         783:  88350.00 ns
Instruction         784:  88450.00 ns
Instruction         785:  88550.00 ns
Instruction         786:  88650.00 ns
Instruction         787:  88750.00 ns
Instruction         788:  88850.00 ns
Instruction         789:  88950.00 ns
Instruction         790:  89050.00 ns
Instruction         791:  89150.00 ns
Instruction         792:  89350.00 ns
Instruction         793:  89450.00 ns
Instruction         794:  89550.00 ns
Instruction         795:  89650.00 ns
Instruction         796:  89750.00 ns
Instruction         797:  89850.00 ns
Instruction         798:  89950.00 ns
Instruction         799:  90050.00 ns
Instruction         800:  90150.00 ns
Instruction         801:  90250.00 ns
Instruction         802:  90450.00 ns
Instruction         803:  90550.00 ns
Instruction         804:  90650.00 ns
Instruction         805:  90750.00 ns
Instruction         806:  90850.00 ns
Instruction         807:  90950.00 ns
Instruction         808:  91050.00 ns
Instruction         809:  91150.00 ns
Instruction         810:  91250.00 ns
Instruction         811:  91350.00 ns
Instruction         812:  91550.00 ns
Instruction         813:  91650.00 ns
Instruction         814:  91750.00 ns
Instruction         815:  91850.00 ns
Instruction         816:  91950.00 ns
Instruction         817:  92050.00 ns
Instruction         818:  92150.00 ns
Instruction         819:  92250.00 ns
Instruction         820:  92450.00 ns
Instruction         821:  92550.00 ns
Instruction         822:  92650.00 ns
Instruction         823:  92750.00 ns
Instruction         824:  92850.00 ns
Instruction         825:  92950.00 ns
Instruction         826:  93050.00 ns
Instruction         827:  93150.00 ns
Instruction         828:  93250.00 ns
Instruction         829:  93350.00 ns
Instruction         830:  93450.00 ns
Instruction         831:  93550.00 ns
Instruction         832:  93750.00 ns
Instruction         833:  93850.00 ns
Instruction         834:  93950.00 ns
Instruction         835:  94050.00 ns
Instruction         836:  94150.00 ns
Instruction         837:  94250.00 ns
Instruction         838:  94350.00 ns
Instruction         839:  94450.00 ns
Instruction         840:  94550.00 ns
Instruction         841:  94650.00 ns
Instruction         842:  94850.00 ns
Instruction         843:  94950.00 ns
Instruction         844:  95050.00 ns
Instruction         845:  95150.00 ns
Instruction         846:  95250.00 ns
Instruction         847:  95350.00 ns
Instruction         848:  95450.00 ns
Instruction         849:  95550.00 ns
Instruction         850:  95650.00 ns
Instruction         851:  95750.00 ns
Instruction         852:  95950.00 ns
Instruction         853:  96050.00 ns
Instruction         854:  96150.00 ns
Instruction         855:  96250.00 ns
Instruction         856:  96350.00 ns
Instruction         857:  96450.00 ns
Instruction         858:  96550.00 ns
Instruction         859:  96650.00 ns
Instruction         860:  96850.00 ns
Instruction         861:  96950.00 ns
Instruction         862:  97050.00 ns
Instruction         863:  97150.00 ns
Instruction         864:  97250.00 ns
Instruction         865:  97350.00 ns
Instruction         866:  97450.00 ns
Instruction         867:  97550.00 ns
Instruction         868:  97650.00 ns
Instruction         869:  97750.00 ns
Instruction         870:  97850.00 ns
Instruction         871:  97950.00 ns
Instruction         872:  98150.00 ns
Instruction         873:  98250.00 ns
Instruction         874:  98350.00 ns
Instruction         875:  98450.00 ns
Instruction         876:  98550.00 ns
Instruction         877:  98650.00 ns
Instruction         878:  98750.00 ns
Instruction         879:  98850.00 ns
Instruction         880:  98950.00 ns
Instruction         881:  99050.00 ns
Instruction         882:  99250.00 ns
Instruction         883:  99350.00 ns
Instruction         884:  99450.00 ns
Instruction         885:  99550.00 ns
Instruction         886:  99650.00 ns
Instruction         887:  99750.00 ns
Instruction         888:  99850.00 ns
Instruction         889:  99950.00 ns
Instruction         890: 100050.00 ns
Instruction         891: 100150.00 ns
Instruction         892: 100350.00 ns
Instruction         893: 100450.00 ns
Instruction         894: 100550.00 ns
Instruction         895: 100650.00 ns
Instruction         896: 100750.00 ns
Instruction         897: 100850.00 ns
Instruction         898: 100950.00 ns
Instruction         899: 101050.00 ns
Instruction         900: 101250.00 ns
Instruction         901: 101350.00 ns
Instruction         902: 101450.00 ns
Instruction         903: 101550.00 ns
Instruction         904: 101650.00 ns
Instruction         905: 101750.00 ns
Instruction         906: 101850.00 ns
Instruction         907: 101950.00 ns
Instruction         908: 102050.00 ns
Instruction         909: 102150.00 ns
Instruction         910: 102250.00 ns
Instruction         911: 102350.00 ns
Instruction         912: 102550.00 ns
Instruction         913: 102650.00 ns
Instruction         914: 102750.00 ns
Instruction         915: 102850.00 ns
Instruction         916: 102950.00 ns
Instruction         917: 103050.00 ns
Instruction         918: 103150.00 ns
Instruction         919: 103250.00 ns
Instruction         920: 103350.00 ns
Instruction         921: 103450.00 ns
Instruction         922: 103650.00 ns
Instruction         923: 103750.00 ns
Instruction         924: 103850.00 ns
Instruction         925: 103950.00 ns
Instruction         926: 104050.00 ns
Instruction         927: 104150.00 ns
Instruction         928: 104250.00 ns
Instruction         929: 104350.00 ns
Instruction         930: 104450.00 ns
Instruction         931: 104550.00 ns
Instruction         932: 104750.00 ns
Instruction         933: 104850.00 ns
Instruction         934: 104950.00 ns
Instruction         935: 105050.00 ns
Instruction         936: 105150.00 ns
Instruction         937: 105250.00 ns
Instruction         938: 105350.00 ns
Instruction         939: 105450.00 ns
Instruction         940: 105650.00 ns
Instruction         941: 105750.00 ns
Instruction         942: 105850.00 ns
Instruction         943: 105950.00 ns
Instruction         944: 106050.00 ns
Instruction         945: 106150.00 ns
Instruction         946: 106250.00 ns
Instruction         947: 106350.00 ns
Instruction         948: 106450.00 ns
Instruction         949: 106550.00 ns
Instruction         950: 106650.00 ns
Instruction         951: 106750.00 ns
Instruction         952: 106950.00 ns
Instruction         953: 107050.00 ns
Instruction         954: 107150.00 ns
Instruction         955: 107250.00 ns
Instruction         956: 107350.00 ns
Instruction         957: 107450.00 ns
Instruction         958: 107550.00 ns
Instruction         959: 107650.00 ns
Instruction         960: 107750.00 ns
Instruction         961: 107850.00 ns
Instruction         962: 108050.00 ns
Instruction         963: 108150.00 ns
Instruction         964: 108250.00 ns
Instruction         965: 108350.00 ns
Instruction         966: 108450.00 ns
Instruction         967: 108550.00 ns
Instruction         968: 108650.00 ns
Instruction         969: 108750.00 ns
Instruction         970: 108850.00 ns
Instruction         971: 108950.00 ns
Instruction         972: 109150.00 ns
Instruction         973: 109250.00 ns
Instruction         974: 109350.00 ns
Instruction         975: 109450.00 ns
Instruction         976: 109550.00 ns
Instruction         977: 109650.00 ns
Instruction         978: 109750.00 ns
Instruction         979: 109850.00 ns
Instruction         980: 110050.00 ns
Instruction         981: 110150.00 ns
Instruction         982: 110250.00 ns
Instruction         983: 110350.00 ns
Instruction         984: 110450.00 ns
Instruction         985: 110550.00 ns
Instruction         986: 110650.00 ns
Instruction         987: 110830.00 ns
Instruction         988: 110910.00 ns
Instruction         989: 111110.00 ns
Instruction         990: 111210.00 ns
Instruction         991: 111310.00 ns
Instruction         992: 111410.00 ns
Instruction         993: 111510.00 ns
Instruction         994: 111690.00 ns
Instruction         995: 111770.00 ns
Instruction         996: 111970.00 ns
Instruction         997: 112070.00 ns
Instruction         998: 112170.00 ns
Instruction         999: 112270.00 ns
Instruction        1000: 112370.00 ns
Instruction        1001: 112550.00 ns
Instruction        1002: 112630.00 ns
Instruction        1003: 112830.00 ns
Instruction        1004: 112930.00 ns
Instruction        1005: 113030.00 ns
Instruction        1006: 113130.00 ns
Instruction        1007: 113230.00 ns
Instruction        1008: 113410.00 ns
Instruction        1009: 113490.00 ns
Instruction        1010: 113590.00 ns
Instruction        1011: 113690.00 ns
Instruction        1012: 113790.00 ns
Instruction        1013: 113890.00 ns
Instruction        1014: 113990.00 ns
Instruction        1015: 114090.00 ns
Instruction        1016: 114190.00 ns
Instruction        1017: 114290.00 ns
Instruction        1018: 114470.00 ns
Instruction        1019: 114550.00 ns
Instruction        1020: 114750.00 ns
Instruction        1021: 114850.00 ns
Instruction        1022: 114950.00 ns
Instruction        1023: 115050.00 ns
Instruction        1024: 115150.00 ns
Instruction        1025: 115250.00 ns
Instruction        1026: 115430.00 ns
Instruction        1027: 115510.00 ns
Instruction        1028: 115710.00 ns
Instruction        1029: 115810.00 ns
Instruction        1030: 115910.00 ns
Instruction        1031: 116010.00 ns
Instruction        1032: 116110.00 ns
Instruction        1033: 116210.00 ns
Instruction        1034: 116390.00 ns
Instruction        1035: 116470.00 ns
Instruction        1036: 116670.00 ns
Instruction        1037: 116770.00 ns
Instruction        1038: 116870.00 ns
Instruction        1039: 116970.00 ns
Instruction        1040: 117070.00 ns
Instruction        1041: 117170.00 ns
Instruction        1042: 117350.00 ns
Instruction        1043: 117430.00 ns
Instruction        1044: 117530.00 ns
Instruction        1045: 117630.00 ns
Instruction        1046: 117730.00 ns
Instruction        1047: 117830.00 ns
Instruction        1048: 118030.00 ns
Instruction        1049: 118130.00 ns
Instruction        1050: 118230.00 ns
Instruction        1051: 118330.00 ns
Instruction        1052: 118530.00 ns
Instruction        1053: 118630.00 ns
Instruction        1054: 118730.00 ns
Instruction        1055: 118830.00 ns
Instruction        1056: 119030.00 ns
Instruction        1057: 119130.00 ns
Instruction        1058: 119230.00 ns
Instruction        1059: 119330.00 ns
Instruction        1060: 119430.00 ns
Instruction        1061: 119530.00 ns
Instruction        1062: 119630.00 ns
Instruction        1063: 119730.00 ns
Instruction        1064: 119830.00 ns
Instruction        1065: 120030.00 ns
Instruction        1066: 120130.00 ns
Instruction        1067: 120330.00 ns
Instruction        1068: 120430.00 ns
Instruction        1069: 120530.00 ns
Instruction        1070: 120730.00 ns
Instruction        1071: 120830.00 ns
Instruction        1072: 120930.00 ns
Instruction        1073: 121130.00 ns
Instruction        1074: 121230.00 ns
Instruction        1075: 121330.00 ns
Instruction        1076: 121430.00 ns
Instruction        1077: 121530.00 ns
Instruction        1078: 121630.00 ns
Instruction        1079: 121730.00 ns
Instruction        1080: 121830.00 ns
Instruction        1081: 121930.00 ns
Instruction        1082: 122030.00 ns
Instruction        1083: 122130.00 ns
Instruction        1084: 122330.00 ns
Instruction        1085: 122430.00 ns
Instruction        1086: 122530.00 ns
Instruction        1087: 122630.00 ns
Instruction        1088: 122730.00 ns
Instruction        1089: 122830.00 ns
Instruction        1090: 123210.00 ns
Instruction        1091: 123290.00 ns
Instruction        1092: 123470.00 ns
Instruction        1093: 123630.00 ns
Instruction        1094: 123710.00 ns
Instruction        1095: 123810.00 ns
Instruction        1096: 123910.00 ns
Instruction        1097: 124010.00 ns
Instruction        1098: 124110.00 ns
Instruction        1099: 124210.00 ns
Instruction        1100: 124310.00 ns
Instruction        1101: 124410.00 ns
Instruction        1102: 124510.00 ns
Instruction        1103: 124610.00 ns
